<?xml version="1.0" encoding="UTF-8"?>
<testsuite name="com.newbie.board.BoardApplicationTests" tests="1" skipped="0" failures="0" errors="0" timestamp="2024-11-14T04:29:55" hostname="DESKTOP-6ABJ64L" time="0.517">
  <properties/>
  <testcase name="contextLoads()" classname="com.newbie.board.BoardApplicationTests" time="0.517"/>
  <system-out><![CDATA[13:29:48.726 [Test worker] INFO org.springframework.test.context.support.AnnotationConfigContextLoaderUtils -- Could not detect default configuration classes for test class [com.newbie.board.BoardApplicationTests]: BoardApplicationTests does not declare any static, non-private, non-final, nested classes annotated with @Configuration.
13:29:48.838 [Test worker] INFO org.springframework.boot.test.context.SpringBootTestContextBootstrapper -- Found @SpringBootConfiguration com.newbie.board.BoardApplication for test class com.newbie.board.BoardApplicationTests

  .   ____          _            __ _ _
 /\\ / ___'_ __ _ _(_)_ __  __ _ \ \ \ \
( ( )\___ | '_ | '_| | '_ \/ _` | \ \ \ \
 \\/  ___)| |_)| | | | | || (_| |  ) ) ) )
  '  |____| .__|_| |_|_| |_\__, | / / / /
 =========|_|==============|___/=/_/_/_/

 :: Spring Boot ::                (v3.3.5)

2024-11-14T13:29:49.227+09:00  INFO 19304 --- [board] [    Test worker] com.newbie.board.BoardApplicationTests   : Starting BoardApplicationTests using Java 17.0.12 with PID 19304 (started by SSAFY in C:\Users\SSAFY\Desktop\S11P31B304\backend\board)
2024-11-14T13:29:49.229+09:00  INFO 19304 --- [board] [    Test worker] com.newbie.board.BoardApplicationTests   : No active profile set, falling back to 1 default profile: "default"
2024-11-14T13:29:50.104+09:00  INFO 19304 --- [board] [    Test worker] .s.d.r.c.RepositoryConfigurationDelegate : Bootstrapping Spring Data JPA repositories in DEFAULT mode.
2024-11-14T13:29:50.222+09:00  INFO 19304 --- [board] [    Test worker] .s.d.r.c.RepositoryConfigurationDelegate : Finished Spring Data repository scanning in 109 ms. Found 9 JPA repository interfaces.
2024-11-14T13:29:50.732+09:00  INFO 19304 --- [board] [    Test worker] o.hibernate.jpa.internal.util.LogHelper  : HHH000204: Processing PersistenceUnitInfo [name: default]
2024-11-14T13:29:50.811+09:00  INFO 19304 --- [board] [    Test worker] org.hibernate.Version                    : HHH000412: Hibernate ORM core version 6.5.3.Final
2024-11-14T13:29:50.853+09:00  INFO 19304 --- [board] [    Test worker] o.h.c.internal.RegionFactoryInitiator    : HHH000026: Second-level cache disabled
2024-11-14T13:29:51.212+09:00  INFO 19304 --- [board] [    Test worker] o.s.o.j.p.SpringPersistenceUnitInfo      : No LoadTimeWeaver setup: ignoring JPA class transformer
2024-11-14T13:29:51.249+09:00  INFO 19304 --- [board] [    Test worker] com.zaxxer.hikari.HikariDataSource       : HikariPool-1 - Starting...
2024-11-14T13:29:51.545+09:00  INFO 19304 --- [board] [    Test worker] com.zaxxer.hikari.pool.HikariPool        : HikariPool-1 - Added connection com.mysql.cj.jdbc.ConnectionImpl@7d3bcd3
2024-11-14T13:29:51.547+09:00  INFO 19304 --- [board] [    Test worker] com.zaxxer.hikari.HikariDataSource       : HikariPool-1 - Start completed.
2024-11-14T13:29:51.614+09:00  WARN 19304 --- [board] [    Test worker] org.hibernate.orm.deprecation            : HHH90000025: MySQLDialect does not need to be specified explicitly using 'hibernate.dialect' (remove the property setting and it will be selected by default)
2024-11-14T13:29:52.707+09:00  INFO 19304 --- [board] [    Test worker] o.h.e.t.j.p.i.JtaPlatformInitiator       : HHH000489: No JTA platform available (set 'hibernate.transaction.jta.platform' to enable JTA platform integration)
2024-11-14T13:29:52.806+09:00  INFO 19304 --- [board] [    Test worker] j.LocalContainerEntityManagerFactoryBean : Initialized JPA EntityManagerFactory for persistence unit 'default'
2024-11-14T13:29:53.062+09:00  INFO 19304 --- [board] [    Test worker] o.s.d.j.r.query.QueryEnhancerFactory     : Hibernate is in classpath; If applicable, HQL parser will be used.
2024-11-14T13:29:55.768+09:00  INFO 19304 --- [board] [    Test worker] com.newbie.board.BoardApplicationTests   : Started BoardApplicationTests in 6.778 seconds (process running for 8.146)
]]></system-out>
  <system-err><![CDATA[]]></system-err>
</testsuite>
