<?xml version="1.0" encoding="UTF-8"?>
<testsuite name="com.newbie.board.BoardApplicationTests" tests="1" skipped="0" failures="0" errors="0" timestamp="2024-11-17T08:46:37" hostname="DESKTOP-6ABJ64L" time="0.335">
  <properties/>
  <testcase name="contextLoads()" classname="com.newbie.board.BoardApplicationTests" time="0.335"/>
  <system-out><![CDATA[17:46:32.050 [Test worker] INFO org.springframework.test.context.support.AnnotationConfigContextLoaderUtils -- Could not detect default configuration classes for test class [com.newbie.board.BoardApplicationTests]: BoardApplicationTests does not declare any static, non-private, non-final, nested classes annotated with @Configuration.
17:46:32.136 [Test worker] INFO org.springframework.boot.test.context.SpringBootTestContextBootstrapper -- Found @SpringBootConfiguration com.newbie.board.BoardApplication for test class com.newbie.board.BoardApplicationTests

  .   ____          _            __ _ _
 /\\ / ___'_ __ _ _(_)_ __  __ _ \ \ \ \
( ( )\___ | '_ | '_| | '_ \/ _` | \ \ \ \
 \\/  ___)| |_)| | | | | || (_| |  ) ) ) )
  '  |____| .__|_| |_|_| |_\__, | / / / /
 =========|_|==============|___/=/_/_/_/

 :: Spring Boot ::                (v3.3.5)

2024-11-17T17:46:32.411+09:00  INFO 4892 --- [board] [    Test worker] com.newbie.board.BoardApplicationTests   : Starting BoardApplicationTests using Java 17.0.12 with PID 4892 (started by SSAFY in C:\Users\SSAFY\Desktop\S11P31B304\backend\board)
2024-11-17T17:46:32.412+09:00  INFO 4892 --- [board] [    Test worker] com.newbie.board.BoardApplicationTests   : No active profile set, falling back to 1 default profile: "default"
2024-11-17T17:46:33.065+09:00  INFO 4892 --- [board] [    Test worker] .s.d.r.c.RepositoryConfigurationDelegate : Bootstrapping Spring Data JPA repositories in DEFAULT mode.
2024-11-17T17:46:33.135+09:00  INFO 4892 --- [board] [    Test worker] .s.d.r.c.RepositoryConfigurationDelegate : Finished Spring Data repository scanning in 63 ms. Found 10 JPA repository interfaces.
2024-11-17T17:46:33.523+09:00  INFO 4892 --- [board] [    Test worker] o.hibernate.jpa.internal.util.LogHelper  : HHH000204: Processing PersistenceUnitInfo [name: default]
2024-11-17T17:46:33.577+09:00  INFO 4892 --- [board] [    Test worker] org.hibernate.Version                    : HHH000412: Hibernate ORM core version 6.5.3.Final
2024-11-17T17:46:33.609+09:00  INFO 4892 --- [board] [    Test worker] o.h.c.internal.RegionFactoryInitiator    : HHH000026: Second-level cache disabled
2024-11-17T17:46:33.861+09:00  INFO 4892 --- [board] [    Test worker] o.s.o.j.p.SpringPersistenceUnitInfo      : No LoadTimeWeaver setup: ignoring JPA class transformer
2024-11-17T17:46:33.888+09:00  INFO 4892 --- [board] [    Test worker] com.zaxxer.hikari.HikariDataSource       : HikariPool-1 - Starting...
2024-11-17T17:46:34.112+09:00  INFO 4892 --- [board] [    Test worker] com.zaxxer.hikari.pool.HikariPool        : HikariPool-1 - Added connection com.mysql.cj.jdbc.ConnectionImpl@990b86b
2024-11-17T17:46:34.114+09:00  INFO 4892 --- [board] [    Test worker] com.zaxxer.hikari.HikariDataSource       : HikariPool-1 - Start completed.
2024-11-17T17:46:34.146+09:00  WARN 4892 --- [board] [    Test worker] org.hibernate.orm.deprecation            : HHH90000025: MySQLDialect does not need to be specified explicitly using 'hibernate.dialect' (remove the property setting and it will be selected by default)
2024-11-17T17:46:34.973+09:00  INFO 4892 --- [board] [    Test worker] o.h.e.t.j.p.i.JtaPlatformInitiator       : HHH000489: No JTA platform available (set 'hibernate.transaction.jta.platform' to enable JTA platform integration)
2024-11-17T17:46:35.068+09:00  INFO 4892 --- [board] [    Test worker] j.LocalContainerEntityManagerFactoryBean : Initialized JPA EntityManagerFactory for persistence unit 'default'
2024-11-17T17:46:35.329+09:00  INFO 4892 --- [board] [    Test worker] o.s.d.j.r.query.QueryEnhancerFactory     : Hibernate is in classpath; If applicable, HQL parser will be used.
2024-11-17T17:46:37.394+09:00  INFO 4892 --- [board] [    Test worker] o.s.a.r.c.CachingConnectionFactory       : Attempting to connect to: localhost:5672
2024-11-17T17:46:37.442+09:00  INFO 4892 --- [board] [    Test worker] o.s.a.r.c.CachingConnectionFactory       : Created new connection: connectionFactory#359fd0a2:0/SimpleConnection@6d7e973b [delegate=amqp://guest@127.0.0.1:5672/, localPort=62444]
2024-11-17T17:46:37.502+09:00  INFO 4892 --- [board] [    Test worker] com.newbie.board.BoardApplicationTests   : Started BoardApplicationTests in 5.256 seconds (process running for 6.186)
]]></system-out>
  <system-err><![CDATA[]]></system-err>
</testsuite>
