<?xml version="1.0" encoding="UTF-8"?>
<testsuite name="com.newbie.board.BoardApplicationTests" tests="1" skipped="0" failures="0" errors="0" timestamp="2024-11-14T06:47:10" hostname="DESKTOP-6ABJ64L" time="0.349">
  <properties/>
  <testcase name="contextLoads()" classname="com.newbie.board.BoardApplicationTests" time="0.349"/>
  <system-out><![CDATA[15:47:04.846 [Test worker] INFO org.springframework.test.context.support.AnnotationConfigContextLoaderUtils -- Could not detect default configuration classes for test class [com.newbie.board.BoardApplicationTests]: BoardApplicationTests does not declare any static, non-private, non-final, nested classes annotated with @Configuration.
15:47:04.934 [Test worker] INFO org.springframework.boot.test.context.SpringBootTestContextBootstrapper -- Found @SpringBootConfiguration com.newbie.board.BoardApplication for test class com.newbie.board.BoardApplicationTests

  .   ____          _            __ _ _
 /\\ / ___'_ __ _ _(_)_ __  __ _ \ \ \ \
( ( )\___ | '_ | '_| | '_ \/ _` | \ \ \ \
 \\/  ___)| |_)| | | | | || (_| |  ) ) ) )
  '  |____| .__|_| |_|_| |_\__, | / / / /
 =========|_|==============|___/=/_/_/_/

 :: Spring Boot ::                (v3.3.5)

2024-11-14T15:47:05.296+09:00  INFO 11828 --- [board] [    Test worker] com.newbie.board.BoardApplicationTests   : Starting BoardApplicationTests using Java 17.0.12 with PID 11828 (started by SSAFY in C:\Users\SSAFY\Desktop\S11P31B304\backend\board)
2024-11-14T15:47:05.297+09:00  INFO 11828 --- [board] [    Test worker] com.newbie.board.BoardApplicationTests   : No active profile set, falling back to 1 default profile: "default"
2024-11-14T15:47:05.992+09:00  INFO 11828 --- [board] [    Test worker] .s.d.r.c.RepositoryConfigurationDelegate : Bootstrapping Spring Data JPA repositories in DEFAULT mode.
2024-11-14T15:47:06.076+09:00  INFO 11828 --- [board] [    Test worker] .s.d.r.c.RepositoryConfigurationDelegate : Finished Spring Data repository scanning in 75 ms. Found 10 JPA repository interfaces.
2024-11-14T15:47:06.524+09:00  INFO 11828 --- [board] [    Test worker] o.hibernate.jpa.internal.util.LogHelper  : HHH000204: Processing PersistenceUnitInfo [name: default]
2024-11-14T15:47:06.577+09:00  INFO 11828 --- [board] [    Test worker] org.hibernate.Version                    : HHH000412: Hibernate ORM core version 6.5.3.Final
2024-11-14T15:47:06.608+09:00  INFO 11828 --- [board] [    Test worker] o.h.c.internal.RegionFactoryInitiator    : HHH000026: Second-level cache disabled
2024-11-14T15:47:06.858+09:00  INFO 11828 --- [board] [    Test worker] o.s.o.j.p.SpringPersistenceUnitInfo      : No LoadTimeWeaver setup: ignoring JPA class transformer
2024-11-14T15:47:06.881+09:00  INFO 11828 --- [board] [    Test worker] com.zaxxer.hikari.HikariDataSource       : HikariPool-1 - Starting...
2024-11-14T15:47:07.084+09:00  INFO 11828 --- [board] [    Test worker] com.zaxxer.hikari.pool.HikariPool        : HikariPool-1 - Added connection com.mysql.cj.jdbc.ConnectionImpl@778197c0
2024-11-14T15:47:07.086+09:00  INFO 11828 --- [board] [    Test worker] com.zaxxer.hikari.HikariDataSource       : HikariPool-1 - Start completed.
2024-11-14T15:47:07.133+09:00  WARN 11828 --- [board] [    Test worker] org.hibernate.orm.deprecation            : HHH90000025: MySQLDialect does not need to be specified explicitly using 'hibernate.dialect' (remove the property setting and it will be selected by default)
2024-11-14T15:47:07.980+09:00  INFO 11828 --- [board] [    Test worker] o.h.e.t.j.p.i.JtaPlatformInitiator       : HHH000489: No JTA platform available (set 'hibernate.transaction.jta.platform' to enable JTA platform integration)
2024-11-14T15:47:08.069+09:00  INFO 11828 --- [board] [    Test worker] j.LocalContainerEntityManagerFactoryBean : Initialized JPA EntityManagerFactory for persistence unit 'default'
2024-11-14T15:47:08.321+09:00  INFO 11828 --- [board] [    Test worker] o.s.d.j.r.query.QueryEnhancerFactory     : Hibernate is in classpath; If applicable, HQL parser will be used.
2024-11-14T15:47:10.256+09:00  INFO 11828 --- [board] [    Test worker] com.newbie.board.BoardApplicationTests   : Started BoardApplicationTests in 5.18 seconds (process running for 6.141)
]]></system-out>
  <system-err><![CDATA[]]></system-err>
</testsuite>
